1578238903428	mozrunner::runner	INFO	Running command: "C:\\Program Files\\Mozilla Firefox\\firefox.exe" "-marionette" "-foreground" "-no-remote" "-profile" "C:\\Users\\ivo\\AppData\\Local\\Temp\\rust_mozprofileXmfLxP"
1578238904248	addons.webextension.screenshots@mozilla.org	WARN	Loading extension 'screenshots@mozilla.org': Reading manifest: Invalid extension permission: mozillaAddons
1578238904248	addons.webextension.screenshots@mozilla.org	WARN	Loading extension 'screenshots@mozilla.org': Reading manifest: Invalid extension permission: telemetry
1578238904248	addons.webextension.screenshots@mozilla.org	WARN	Loading extension 'screenshots@mozilla.org': Reading manifest: Invalid extension permission: resource://pdf.js/
1578238904248	addons.webextension.screenshots@mozilla.org	WARN	Loading extension 'screenshots@mozilla.org': Reading manifest: Invalid extension permission: about:reader*
JavaScript error: resource://gre/modules/XULStore.jsm, line 66: Error: Can't find profile directory.
1578238906408	Marionette	INFO	Listening on port 51381
1578238906729	Marionette	WARN	TLS certificate errors will be ignored for this session
1578238914001	Marionette	INFO	Stopped listening on port 51381
[Parent 9728, Gecko_IOThread] WARNING: pipe error: 109: file z:/task_1575282935/build/src/ipc/chromium/src/chrome/common/ipc_channel_win.cc, line 341
[Child 9864, Chrome_ChildThread] WARNING: pipe error: 109: file z:/task_1575282935/build/src/ipc/chromium/src/chrome/common/ipc_channel_win.cc, line 341
[Child 9864, Chrome_ChildThread] WARNING: pipe error: 109: file z:/task_1575282935/build/src/ipcJavaScript error: https://nav.files.bbci.co.uk/orbit/a07e26191aed6a8725358c88df999791/js/require.min.js, line 1: Error: Script error for "morph/es5-shim"
http://requirejs.org/docs/errors.html#scripterror
[Parent 9728, Gecko_IOThread] WARNING: pipe error: 109: file z:/task_1575282935/build/src/ipc/chromium/src/chrome/common/ipc_channel_win.cc, line 341
[Child 7148, Chrome_ChildThread] WARNING: pipe error: 109: file z:/task_1575282935/build/src/ipc/chromium/src/chrome/common/ipc_channel_win.cc, line 341
[Child 7148, Chrome_ChildThread] WARNING: pipe error: 109: file z:/task_1575282935/build/src/ipc/chromium/src/chrome/common/ipc_channel_win.cc, line 341

###!!! [Child][MessageChannel] Error: (msgtype=0x660029,name=PNecko::Msg_RemoveRequestContext) Channel closing: too late to send/recv, messages will be lost


###!!! [Child][MessageChannel] Error: (msgtype=0x58000D,name=PHttpChannel::Msg_DeletingChannel) Channel closing: too late to send/recv, messages will be lost

[Parent 9728, Gecko_IOThread] WARNING: pipe error: 109: file z:/task_1575282935/build/src/ipc/chromium/src/chrome/common/ipc_channel_win.cc, line 341
[Child 9812, Chrome_ChildThread] WARNING: pipe error: 109: file z:/task_1575282935/build/src/ipc/chromium/src/chrome/common/ipc_channel_win.cc, line 341
[Child 9812, Chrome_ChildThread] WARNING: pipe error: 109: file z:/task_1575282935/build/src/ipc/chromium/src/chrome/common/ipc_channel_win.cc, line 341

###!!! [Child][RunMessage] Error: Channel closing: too late to send/recv, messages will be lost

[GPU 5920, Chrome_C1578238973642	mozrunner::runner	INFO	Running command: "C:\\Program Files\\Mozilla Firefox\\firefox.exe" "-marionette" "-foreground" "-no-remote" "-profile" "C:\\Users\\ivo\\AppData\\Local\\Temp\\rust_mozprofilebfap2s"
1578238974475	addons.webextension.screenshots@mozilla.org	WARN	Loading extension 'screenshots@mozilla.org': Reading manifest: Invalid extension permission: mozillaAddons
1578238974475	addons.webextension.screenshots@mozilla.org	WARN	Loading extension 'screenshots@mozilla.org': Reading manifest: Invalid extension permission: telemetry
1578238974476	addons.webextension.screenshots@mozilla.org	WARN	Loading extension 'screenshots@mozilla.org': Reading manifest: Invalid extension permission: resource://pdf.js/
1578238974476	addons.webextension.screenshots@mozilla.org	WARN	Loading extension 'screenshots@mozilla.org': Reading manifest: Invalid extension permission: about:reader*
JavaScript error: resource://gre/modules/XULStore.jsm, line 66: Error: Can't find profile directory.
1578238976733	Marionette	INFO	Listening on port 51925
1578238976915	Marionette	WARN	TLS certificate errors will be ignored for this session
1578238987606	Marionette	INFO	Stopped listening on port 51925
[Parent 8428, Gecko_IOThread] WARNING: pipe error: 109: file z:/task_1575282935/build/src/ipc/chromium/src/chrome/common/ipc_channel_win.cc, line 341
[Child 9352, Chrome_ChildThread] WARNING: pipe error: 109: file z:/task_1575282935/build/src/ipc/chromium/src/chrome/common/ipc_channel_win.cc, line 341
[Child 9352, Chrome_ChildThread][Child 9368, Chrome_ChildThread] WARNING: pipe error: 109: file z:/task_1575282935/build/src/ipc/chromium/src/chrome/common/ipc_channel_win.cc, line 341
[Child 9368, Chrome_ChildThread] WARNING: pipe error: 109: file z:/task_1575282935/build/src/ipc/chromium/src/chrome/common/ipc_channel_win.cc, line 341
[GPU 9280, Chrome_ChildThread1578239139393	mozrunner::runner	INFO	Running command: "C:\\Program Files\\Mozilla Firefox\\firefox.exe" "-marionette" "-foreground" "-no-remote" "-profile" "C:\\Users\\ivo\\AppData\\Local\\Temp\\rust_mozprofileqhql5H"
1578239140197	addons.webextension.screenshots@mozilla.org	WARN	Loading extension 'screenshots@mozilla.org': Reading manifest: Invalid extension permission: mozillaAddons
1578239140197	addons.webextension.screenshots@mozilla.org	WARN	Loading extension 'screenshots@mozilla.org': Reading manifest: Invalid extension permission: telemetry
1578239140197	addons.webextension.screenshots@mozilla.org	WARN	Loading extension 'screenshots@mozilla.org': Reading manifest: Invalid extension permission: resource://pdf.js/
1578239140197	addons.webextension.screenshots@mozilla.org	WARN	Loading extension 'screenshots@mozilla.org': Reading manifest: Invalid extension permission: about:reader*
JavaScript error: resource://gre/modules/XULStore.jsm, line 66: Error: Can't find profile directory.
1578239142339	Marionette	INFO	Listening on port 54480
1578239142607	Marionette	WARN	TLS certificate errors will be ignored for this session
[Child 9192, Chrome_ChildThread] WARNING: pipe error: 109: file z:/task_1575282935/build/src/ipc/chromium/src/chrome/common/ipc_channel_win.cc, line 341
[Chil[Child 9192, Chrome_ChildThread] Wd 9592, Chrome_ChildThread] WARNING: pipe error: 109: file z:/task_1575282935/build/src/ipc/chromium/src/chrome/common/ipc_channel_win.cc, line 341
[Child 9592, Chrome_ChildThread] WARNING: pipe error: 109: file z:/task_1575282935/build/src/ipc/chromium/src/chrome/common/ipc_channel_win.cc, line 341
[Parent 9292, Gecko_IOThread] WARNING: file z:/task_1575282935/build/src/ipc/chromium/src/base/process_util_win.cc, line 160
[Parent 9292, Gecko_IOThread] WARNING: pipe error: 109: file z:/task_1575282935/build/src/ipc/chromium/src/chrome/common/ipc_channel_win.cc, line 341
[Child 9256, Chrome_ChildThread] WARNING: pipe error: 109: file z:/task_1575282935/build/src/ipc/chromium/src/chrome/common/ipc_channel_win.cc, line 341
1578239226940	Marionette	INFO	Stopped listening on port 54480

###!!! [Child][RunMessage] Error: Channel closing: too late to send/recv, messages will be lost

[GPU 6460, Chr
###!!! [Child][MessageChannel::SendAndWait] Error: Channel error: cannot send/recv

1578239363389	mozrunner::runner	INFO	Running command: "C:\\Program Files\\Mozilla Firefox\\firefox.exe" "-marionette" "-foreground" "-no-remote" "-profile" "C:\\Users\\ivo\\AppData\\Local\\Temp\\rust_mozprofilepjD7yb"
1578239363998	addons.webextension.screenshots@mozilla.org	WARN	Loading extension 'screenshots@mozilla.org': Reading manifest: Invalid extension permission: mozillaAddons
1578239363998	addons.webextension.screenshots@mozilla.org	WARN	Loading extension 'screenshots@mozilla.org': Reading manifest: Invalid extension permission: telemetry
1578239363998	addons.webextension.screenshots@mozilla.org	WARN	Loading extension 'screenshots@mozilla.org': Reading manifest: Invalid extension permission: resource://pdf.js/
1578239363999	addons.webextension.screenshots@mozilla.org	WARN	Loading extension 'screenshots@mozilla.org': Reading manifest: Invalid extension permission: about:reader*
JavaScript error: resource://gre/modules/XULStore.jsm, line 66: Error: Can't find profile directory.
1578239366138	Marionette	INFO	Listening on port 56058
1578239366604	Marionette	WARN	TLS certificate errors will be ignored for this session
[Parent 8308, Gecko_IOThread] WARNING: pipe error: 109: file z:/task_1575282935/build/src/ipc/chromium/src/chrome/common/ipc_channel_win.cc, line 341
[Child 7516, Chrome_ChildThread] WARNING: pipe error: 109: file z:/task_1575282935/build/src/ipc/chromium/src/chrome/common/ipc_channel_win.cc, line 341
[Child 7596, Chrome_ChildThread] WARNING: pipe error: 109: file z:/task_1575282935/build/src/ipc/chromium/src/chrome/common/ipc_channel_win.cc, line 341
[Child 7596, Chrome_ChildThread] WARNING: pipe error[Parent 8308, Gecko_IOThread] WARNING: pipe error: 109: file z:/task_1575282935/build/src/ipc/chromium/src/chrome/common/ipc_channel_win.cc, line 341
1578240184623	Marionette	INFO	Stopped listening on port 56058

###!!! [Child][RunMessage] Error: Channel closing: too late to send/recv, messages will be lost


###!!! [Child][MessageChannel::SendAndWait] Error: Channel error: cannot send/recv

error: resource://gre/modules/XULStore.jsm, line 66: Error: Can't find profile directory.
1578239477251	Marionette	INFO	Listening on port 56875
1578239477278	Marionette	WARN	TLS certificate errors will be ignored for this session
JavaScript error: https://nav.files.bbci.co.uk/orbit/a07e26191aed6a8725358c88df999791/js/require.min.js, line 1: Error: Script error for "morph/react", needed by: morph/react-dom
http://requirejs.org/docs/errors.html#scripterror
JavaScript error: https://nav.files.bbci.co.uk/orbit/a07e26191aed6a8725358c88df999791/js/require.min.js, line 1: Error: Script error for "morph/react", needed by: morph/react-dom
http://requirejs.org/docs/errors.html#scripterror
[Parent 9504, Gecko_IOThread] WARNING: pipe error: 109: file z:/task_1575282935/build/src/ipc/chromium/src/chrome/common/ipc_channel_win.cc, line 341
[Child 9584, Chrome_ChildThread] WARNING: pipe error: 109: file z:/task_1575282935/build/src/ipc/chromium/src/chrome/common/ipc_channel_win.cc, line 341
[Child 10252, Chrome_ChildThread] WARNING: pipe error: 109: file z:/task_1575282935/build/src/ipc/chromium/src/chrome/common/ipc_channel_win.cc, line 341
[Child 10252, Chrome_ChildThread] WARNING: pipe error: 109: file z:/task_1575282935/build/src/ipc/chromium/src/chrome/common/ipc_channel_win.cc, line 341
[Child 9888, C1578240181955	Marionette	INFO	Stopped listening on port 56875

###!!! [Child][RunMessage] Error: Channel closing: too late to send/recv, messages will be lost

[GPU 9332, Chrome_ChildThread] W@mozilla.org': Reading manifest: Invalid extension permission: about:reader*
JavaScript error: resource://gre/modules/XULStore.jsm, line 66: Error: Can't find profile directory.
1578239628220	Marionette	INFO	Listening on port 59010
1578239628560	Marionette	WARN	TLS certificate errors will be ignored for this session
JavaScript error: https://nav.files.bbci.co.uk/orbit/a07e26191aed6a8725358c88df999791/js/require.min.js, line 1: Error: Script error for "idcta-v2/statusbar"
http://requirejs.org/docs/errors.html#scripterror
JavaScript error: https://nav.files.bbci.co.uk/orbit/a07e26191aed6a8725358c88df999791/js/require.min.js, line 1: Error: Script error for "idcta-v2/translations", needed by: idcta-v2/id-config
http://requirejs.org/docs/errors.html#scripterror
JavaScript error: https://nav.files.bbci.co.uk/orbit/a07e26191aed6a8725358c88df999791/js/require.min.js, line 1: Error: Script error for "meteogroup/map", needed by: modules/meteogroup-inpage-map, modules/meteogroup-interactive-map
http://requirejs.org/docs/errors.html#scripterror
JavaScript error: https://nav.files.bbci.co.uk/orbit/a07e26191aed6a8725358c88df999791/js/require.min.js, line 1: Error: Script error for "relay-1", needed by: uasclient/RelayRequest, uasclient/JsonpRequest
http://requirejs.org/docs/errors.html#scripterror
JavaScript error: https://nav.files.bbci.co.uk/orbit/a07e26191aed6a8725358c88df999791/js/require.min.js, line 1: Error: Script error for "idcta-v2/translations", needed by: idcta-v2/id-config
http://requirejs.org/docs/errors.html#scripterror
[Child 10996, Chrome_ChildThread] WARNING: pipe error: 109: file z:/task_1575282935/build/src/ipc/chromium/src/chrome/common/ipc_channel_win.cc, line 341
[Child 10996, Chrome_ChildThread] WARNING: pipe error: 109: file [Parent 8392, Gecko_IOThread] WARNING: pipe error: 109: file z:/task_1575282935/build/src/ipc/chromium/src/chrome/common/ipc_channel_win.cc, line 341
[Child 2680, Chrome_ChildThread] WARNING: pipe error: 232: file z:/task_1575282935/build/src/ipc/chromium/src/chrome/common/ipc_channel_win.cc, line 502
[Child 2680, Chrome_ChildThread] WARNING: pipe error: 109: file z:/task_1575282935/build/src/ipc/chromium/src/chrome/common/ipc_channel_win.cc, line 341
[Child 2680, Chrome_ChildThread] WARNING: pipe error: 232: file z:/task_1575282935/build/src/ipc/chromium/src/chrome/common/ipc_channel_win.cc, line 502
[Child 2680, Chrome_ChildThread] WARNING: pipe error: 109: file z:/task_1575282935/build/src/ipc/chromium/src/chrome/common/ipc_channel_win.cc, line 341
[Parent 8392, Gecko_IOThread] WARNING: pipe error: 109: file z:/task_1575282935/build/src/ipc/chromium/src/chrome/common/ipc_channel_win.cc, line 341
1578240178296	Marionette	INFO	Stopped listening on port 59010

###!!! [Child][RunMessage] Error: Channel closing: too late to send/recv, messages will be lost

[GPU 9896, Chrome_ChildThread] WA1578240195908	mozrunner::runner	INFO	Running command: "C:\\Program Files\\Mozilla Firefox\\firefox.exe" "-marionette" "-foreground" "-no-remote" "-profile" "C:\\Users\\ivo\\AppData\\Local\\Temp\\rust_mozprofilekuLG5F"
1578240196728	addons.webextension.screenshots@mozilla.org	WARN	Loading extension 'screenshots@mozilla.org': Reading manifest: Invalid extension permission: mozillaAddons
1578240196728	addons.webextension.screenshots@mozilla.org	WARN	Loading extension 'screenshots@mozilla.org': Reading manifest: Invalid extension permission: telemetry
1578240196728	addons.webextension.screenshots@mozilla.org	WARN	Loading extension 'screenshots@mozilla.org': Reading manifest: Invalid extension permission: resource://pdf.js/
1578240196728	addons.webextension.screenshots@mozilla.org	WARN	Loading extension 'screenshots@mozilla.org': Reading manifest: Invalid extension permission: about:reader*
JavaScript error: resource://gre/modules/XULStore.jsm, line 66: Error: Can't find profile directory.
1578240198885	Marionette	INFO	Listening on port 56169
1578240199138	Marionette	WARN	TLS certificate errors will be ignored for this session
JavaScript error: https://nav.files.bbci.co.uk/orbit/a07e26191aed6a8725358c88df999791/js/require.min.js, line 1: Error: Script error for "meteogroup/map", needed by: modules/meteogroup-inpage-map, modules/meteogroup-interactive-map
http://requirejs.org/docs/errors.html#scripterror
JavaScript error: https://nav.files.bbci.co.uk/orbit/a07e26191aed6a8725358c88df999791/js/require.min.js, line 1: Error: Script error for "relay-1", needed by: uasclient/RelayRequest, uasclient/JsonpRequest
http://requirejs.org/docs/errors.html#scripterror
JavaScript error: https://nav.files.bbci.co.uk/orbit/a07e26191aed6a8725358c88df999791/js/require.min.js, line 1: Error: Script error for "idcta-v2/translations", needed by: idcta-v2/id-config
http://requirejs.org/docs/errors.html#scripterror
JavaScript error: https://nav.files.bbci.co.uk/orbit/a07e26191aed6a8725358c88df999791/js/require.min.js, line 1: Error: Script error for "idcta-v2/config", needed by: locservices/core/registration_postcode, locservices/ui/component/id_signin, locservices/ui/controller/primary, locservices/ui/component/popover, locservices/ui/controller/favourite, idcta-v2/id-config
http://requirejs.org/docs/errors.html#scripterror
JavaScript error: https://nav.files.bbci.co.uk/orbit/a07e26191aed6a8725358c88df999791/js/require.min.js, line 1: Error: Script error for "morph/es5-shim"
http://requirejs.org/docs/errors.html#scripterror
JavaScript error: https://nav.files.bbci.co.uk/orbit/a07e26191aed6a8725358c88df999791/js/require.min.js, line 1: Error: Script error for "idcta-v2/statusbar"
http://requirejs.org/docs/errors.html#scripterror
JavaScript error: resource://devtools/client/jsonview/converter-observer.js, line 76: NS_ERROR_NOT_AVAILABLE: Component returned failure code: 0x80040111 (NS_ERROR_NOT_AVAILABLE) [nsIChannel.contentType]
JavaScript error: resource://devtools/client/jsonview/converter-observer.js, line 76: NS_ERROR_NOT_AVAILABLE: Component returned failure code: 0x80040111 (NS_ERROR_NOT_AVAILABLE) [nsIChannel.contentType]
JavaScript error: https://nav.files.bbci.co.uk/orbit/a07e26191aed6a8725358c88df999791/js/require.min.js, line 1: Error: Script error for "idcta-v2/config", needed by: locservices/core/registration_postcode, locservices/ui/component/id_signin, locservices/ui/controller/primary, locservices/ui/component/popover, locservices/ui/controller/favourite, idcta-v2/id-config
http://requirejs.org/docs/errors.html#scripterror
JavaScript error: https://nav.files.bbci.co.uk/orbit/a07e26191aed6a8725358c88df999791/js/require.min.js, line 1: Error: Script error for "idcta-v2/config", needed by: locservices/core/registration_postcode, locservices/ui/component/id_signin, locservices/ui/controller/primary, locservices/ui/component/popover, locservices/ui/controller/favourite, idcta-v2/id-config
http://requirejs.org/docs/errors.html#scripterror
1578240281673	Marionette	INFO	Stopped listening on port 56169
[Child 7304, Chrome_ChildThread] WARNING: pipe error: 109: file z:/task_1575282935/build/src/ipc/chromium/src/chrome/common/ipc_channel_win.cc, line 341
[Child 7304, Chrome_ChildThread] WARNING: pipe error: 109: file z:/task_1575282935/build/src/ipc/chromium/src/chrome/common/ipc_channel_win.cc, line 341
IPDL protocol error: Handler returned error code!

###!!! [Parent][DispatchAsyncMessage] Error: PLayerTransaction::Msg_ReleaseLayer Processing error: message was deserialized, but the handler returned false (indicating failure)


###!!! [Child][MessageChannel] Error: (msgtype=0x58000D,name=PHttpChannel::Msg_DeletingChannel) Channel closing: too late to send/recv, messages will be lost

[Child 11116, Chrome_ChildThread] WARNING: pipe error: 109: file z:/task_1575282935/build/src/ipc/chromium/src/chrome/common/ipc_channel_win.cc, line 341
[Child 11116, Chrome_ChildThread] WARNING: pipe error: 109: file z:/task_1575282935/build/src/ipc/chromium/[Child 6312, Chrome_ChildThread] WARNING: pipe error: 109: file z:/task_1575282935/build/src/ipc/chromium/src/chrome/common/ipc_channel_win.cc, line 341
[Child 6312, Chrome_ChildThread] WA[GPU 11444, Chrome_ChildThread1578252477004	mozrunner::runner	INFO	Running command: "C:\\Program Files\\Mozilla Firefox\\firefox.exe" "-marionette" "-foreground" "-no-remote" "-profile" "C:\\Users\\ivo\\AppData\\Local\\Temp\\rust_mozprofile1UuL85"
1578252477616	addons.webextension.screenshots@mozilla.org	WARN	Loading extension 'screenshots@mozilla.org': Reading manifest: Invalid extension permission: mozillaAddons
1578252477616	addons.webextension.screenshots@mozilla.org	WARN	Loading extension 'screenshots@mozilla.org': Reading manifest: Invalid extension permission: telemetry
1578252477616	addons.webextension.screenshots@mozilla.org	WARN	Loading extension 'screenshots@mozilla.org': Reading manifest: Invalid extension permission: resource://pdf.js/
1578252477616	addons.webextension.screenshots@mozilla.org	WARN	Loading extension 'screenshots@mozilla.org': Reading manifest: Invalid extension permission: about:reader*
JavaScript error: resource://gre/modules/XULStore.jsm, line 66: Error: Can't find profile directory.
1578252479894	Marionette	INFO	Listening on port 60022
1578252480220	Marionette	WARN	TLS certificate errors will be ignored for this session
JavaScript error: https://nav.files.bbci.co.uk/orbit/a07e26191aed6a8725358c88df999791/js/require.min.js, line 1: Error: Script error for "idcta-v2/translations", needed by: idcta-v2/id-config
http://requirejs.org/docs/errors.html#scripterror
JavaScript error: https://nav.files.bbci.co.uk/orbit/a07e26191aed6a8725358c88df999791/js/require.min.js, line 1: Error: Script error for "idcta-v2/statusbar"
http://requirejs.org/docs/errors.html#scripterror
JavaScript error: resource://devtools/client/jsonview/converter-observer.js, line 76: NS_ERROR_NOT_AVAILABLE: Component returned failure code: 0x80040111 (NS_ERROR_NOT_AVAILABLE) [nsIChannel.contentType]
JavaScript error: resource://devtools/client/jsonview/converter-observer.js, line 76: NS_ERROR_NOT_AVAILABLE: Component returned failure code: 0x80040111 (NS_ERROR_NOT_AVAILABLE) [nsIChannel.contentType]
JavaScript error: https://cdn.ampproject.org/rtv/201912120230490/amp4ads-v0.js, line 171: NS_ERROR_FAILURE: 
JavaScript error: https://www.bbc.com/weather/727011/day8, line 47: TypeError: hiddenFrame.contentWindow is null
1578252537894	Marionette	INFO	Stopped listening on port 60022
[Parent 9704, Gecko_IOThread] WARNING: pipe error: 109: file z:/task_1575282935/build/src/ipc/chromium/src/chrome/common/ipc_channel_win.cc, line 341
[Child 11380, Chrome_ChildThread] WARNING: pipe error: 109: file z:/task_1575282935/build/src/ipc/chromium/src/chrome/common/ipc_channel_win.cc, line 341
[Child 11380, Chrome_ChildThread] WARNING: pipe error: 109: file z:/task_1575282935JavaScript error: https://nav.files.bbci.co.uk/orbit/a07e26191aed6a8725358c88df999791/js/require.min.js, line 1: Error: Script error for "mybbc/notifications/NotificationsMain"
http://requirejs.org/docs/errors.html#scripterror
JavaScript error: https://nav.files.bbci.co.uk/orbit/a07e26191aed6a8725358c88df999791/js/require.min.js, line 1: Error: Script error for "morph/es5-shim"
http://requirejs.org/docs/errors.html#scripterror
JavaScript error: https://nav.files.bbci.co.uk/orbit/a07e26191aed6a8725358c88df999791/js/require.min.js, line 1: Error: Script error for "idcta-v2/statusbar"
http://requirejs.org/docs/errors.html#scripterror
[Parent 9704, Gecko_IOThread] WARNING: pipe error: 109: file z:/task_1575282935/build/src/ipc/chromium/src/chrome/common/ipc_channel_win.cc, line 341
[Parent 9704, Gecko_IOThread] WARNING: pipe error: 109: file z:/task_1575282935/build/src/ipc/chromium/src/chrome/common/ipc_channel_win.cc, line 341
[Child 2508, Chrome_ChildThread] WARNING: pipe error: 109: file z:/task_1575282935/build/src/ipc/chromium/src/chrome/common/ipc_channel_win.cc, line 341
[Child 2508, Chrome_ChildThread] WARNING: pipe error: 109: file z:/task_1575282935/build/src
###!!! [Child][RunMessage] Error: Channel closing: too late to send/recv, messages will be lost

[GPU 8412, Chrome_Ch[Parent 9704, Gecko_IOThread] WARNING: pipe error: 232: file z:/task_1575282935/build/src/ipc/chromium/src/chrome/common/ipc_channel_win.cc, line 502

###!!! [Child][MessageChannel::SendAndWait] Error: Channel error: cannot send/recv

